<?xml version="1.0" encoding="UTF-8"?>
<!-- Generated by org.testng.reporters.JUnitReportReporter -->
<testsuite skipped="0" hostname="DSK278-P1" name="tests.BestBuyTest" tests="3" failures="0" timestamp="13 Jan 2020 12:57:41 GMT" time="94.609" errors="3">
  <testcase name="launch" time="1.821" classname="tests.BestBuyTest">
    <error type="org.openqa.selenium.NoSuchElementException" message="An element could not be located on the page using the given search parameters.
For documentation on this error, please visit: http://seleniumhq.org/exceptions/no_such_element.html
Build info: version: &#039;3.12.0&#039;, revision: &#039;7c6e0b3&#039;, time: &#039;2018-05-08T14:04:26.12Z&#039;
System info: host: &#039;DSK278-P1&#039;, ip: &#039;10.0.75.1&#039;, os.name: &#039;Windows 10&#039;, os.arch: &#039;amd64&#039;, os.version: &#039;10.0&#039;, java.version: &#039;1.8.0_121&#039;
Driver info: io.appium.java_client.AppiumDriver
Capabilities {appActivity: com.bestbuy.android.activit..., appPackage: com.bestbuy.android, autoGrantPermissions: true, chromedriverExecutable: C:\Users\mabhishek\Download..., databaseEnabled: false, desired: {appActivity: com.bestbuy.android.activit..., appPackage: com.bestbuy.android, autoGrantPermissions: true, chromedriverExecutable: C:\Users\mabhishek\Download..., deviceName: Abhishek, noReset: true, platformName: android, platformVersion: 9, skipDeviceInitialization: true, skipServerInitialization: true, udid: 23aaa9a4}, deviceApiLevel: 28, deviceManufacturer: Xiaomi, deviceModel: POCO F1, deviceName: 23aaa9a4, deviceScreenDensity: 440, deviceScreenSize: 1080x2246, deviceUDID: 23aaa9a4, javascriptEnabled: true, locationContextEnabled: false, networkConnectionEnabled: true, noReset: true, pixelRatio: 2.75, platform: LINUX, platformName: LINUX, platformVersion: 9, skipDeviceInitialization: true, skipServerInitialization: true, statBarHeight: 89, takesScreenshot: true, udid: 23aaa9a4, viewportRect: {height: 1938, left: 0, top: 89, width: 1080}, warnings: {}, webStorageEnabled: false}
Session ID: 07744fa2-1167-44d9-a63c-c99562f954f4
*** Element info: {Using=id, value=com.android.packageinstaller:id/permission_allow_button}">
      <![CDATA[org.openqa.selenium.NoSuchElementException: An element could not be located on the page using the given search parameters.
For documentation on this error, please visit: http://seleniumhq.org/exceptions/no_such_element.html
Build info: version: '3.12.0', revision: '7c6e0b3', time: '2018-05-08T14:04:26.12Z'
System info: host: 'DSK278-P1', ip: '10.0.75.1', os.name: 'Windows 10', os.arch: 'amd64', os.version: '10.0', java.version: '1.8.0_121'
Driver info: io.appium.java_client.AppiumDriver
Capabilities {appActivity: com.bestbuy.android.activit..., appPackage: com.bestbuy.android, autoGrantPermissions: true, chromedriverExecutable: C:\Users\mabhishek\Download..., databaseEnabled: false, desired: {appActivity: com.bestbuy.android.activit..., appPackage: com.bestbuy.android, autoGrantPermissions: true, chromedriverExecutable: C:\Users\mabhishek\Download..., deviceName: Abhishek, noReset: true, platformName: android, platformVersion: 9, skipDeviceInitialization: true, skipServerInitialization: true, udid: 23aaa9a4}, deviceApiLevel: 28, deviceManufacturer: Xiaomi, deviceModel: POCO F1, deviceName: 23aaa9a4, deviceScreenDensity: 440, deviceScreenSize: 1080x2246, deviceUDID: 23aaa9a4, javascriptEnabled: true, locationContextEnabled: false, networkConnectionEnabled: true, noReset: true, pixelRatio: 2.75, platform: LINUX, platformName: LINUX, platformVersion: 9, skipDeviceInitialization: true, skipServerInitialization: true, statBarHeight: 89, takesScreenshot: true, udid: 23aaa9a4, viewportRect: {height: 1938, left: 0, top: 89, width: 1080}, warnings: {}, webStorageEnabled: false}
Session ID: 07744fa2-1167-44d9-a63c-c99562f954f4
*** Element info: {Using=id, value=com.android.packageinstaller:id/permission_allow_button}
at sun.reflect.NativeConstructorAccessorImpl.newInstance0(Native Method)
at sun.reflect.NativeConstructorAccessorImpl.newInstance(Unknown Source)
at sun.reflect.DelegatingConstructorAccessorImpl.newInstance(Unknown Source)
at java.lang.reflect.Constructor.newInstance(Unknown Source)
at org.openqa.selenium.remote.http.W3CHttpResponseCodec.createException(W3CHttpResponseCodec.java:187)
at org.openqa.selenium.remote.http.W3CHttpResponseCodec.decode(W3CHttpResponseCodec.java:122)
at org.openqa.selenium.remote.http.W3CHttpResponseCodec.decode(W3CHttpResponseCodec.java:49)
at org.openqa.selenium.remote.HttpCommandExecutor.execute(HttpCommandExecutor.java:158)
at io.appium.java_client.remote.AppiumCommandExecutor.execute(AppiumCommandExecutor.java:231)
at org.openqa.selenium.remote.RemoteWebDriver.execute(RemoteWebDriver.java:543)
at io.appium.java_client.DefaultGenericMobileDriver.execute(DefaultGenericMobileDriver.java:42)
at io.appium.java_client.AppiumDriver.execute(AppiumDriver.java:1)
at org.openqa.selenium.remote.RemoteWebDriver.findElement(RemoteWebDriver.java:317)
at io.appium.java_client.DefaultGenericMobileDriver.findElement(DefaultGenericMobileDriver.java:62)
at io.appium.java_client.AppiumDriver.findElement(AppiumDriver.java:1)
at org.openqa.selenium.remote.RemoteWebDriver.findElementById(RemoteWebDriver.java:363)
at io.appium.java_client.DefaultGenericMobileDriver.findElementById(DefaultGenericMobileDriver.java:70)
at io.appium.java_client.AppiumDriver.findElementById(AppiumDriver.java:1)
at tests.BestBuyTest.launch(BestBuyTest.java:52)
at sun.reflect.NativeMethodAccessorImpl.invoke0(Native Method)
at sun.reflect.NativeMethodAccessorImpl.invoke(Unknown Source)
at sun.reflect.DelegatingMethodAccessorImpl.invoke(Unknown Source)
at java.lang.reflect.Method.invoke(Unknown Source)
at org.testng.internal.MethodInvocationHelper.invokeMethod(MethodInvocationHelper.java:124)
at org.testng.internal.Invoker.invokeMethod(Invoker.java:583)
at org.testng.internal.Invoker.invokeTestMethod(Invoker.java:719)
at org.testng.internal.Invoker.invokeTestMethods(Invoker.java:989)
at org.testng.internal.TestMethodWorker.invokeTestMethods(TestMethodWorker.java:125)
at org.testng.internal.TestMethodWorker.run(TestMethodWorker.java:109)
at org.testng.TestRunner.privateRun(TestRunner.java:648)
at org.testng.TestRunner.run(TestRunner.java:505)
at org.testng.SuiteRunner.runTest(SuiteRunner.java:455)
at org.testng.SuiteRunner.runSequentially(SuiteRunner.java:450)
at org.testng.SuiteRunner.privateRun(SuiteRunner.java:415)
at org.testng.SuiteRunner.run(SuiteRunner.java:364)
at org.testng.SuiteRunnerWorker.runSuite(SuiteRunnerWorker.java:52)
at org.testng.SuiteRunnerWorker.run(SuiteRunnerWorker.java:84)
at org.testng.TestNG.runSuitesSequentially(TestNG.java:1208)
at org.testng.TestNG.runSuitesLocally(TestNG.java:1137)
at org.testng.TestNG.runSuites(TestNG.java:1049)
at org.testng.TestNG.run(TestNG.java:1017)
at org.testng.remote.AbstractRemoteTestNG.run(AbstractRemoteTestNG.java:115)
at org.testng.remote.RemoteTestNG.initAndRun(RemoteTestNG.java:251)
at org.testng.remote.RemoteTestNG.main(RemoteTestNG.java:77)
]]>
    </error>
  </testcase> <!-- launch -->
  <testcase name="tapProduct" time="3.414" classname="tests.BestBuyTest">
    <error type="org.openqa.selenium.NoSuchElementException" message="An element could not be located on the page using the given search parameters.
For documentation on this error, please visit: http://seleniumhq.org/exceptions/no_such_element.html
Build info: version: &#039;3.12.0&#039;, revision: &#039;7c6e0b3&#039;, time: &#039;2018-05-08T14:04:26.12Z&#039;
System info: host: &#039;DSK278-P1&#039;, ip: &#039;10.0.75.1&#039;, os.name: &#039;Windows 10&#039;, os.arch: &#039;amd64&#039;, os.version: &#039;10.0&#039;, java.version: &#039;1.8.0_121&#039;
Driver info: io.appium.java_client.AppiumDriver
Capabilities {appActivity: com.bestbuy.android.activit..., appPackage: com.bestbuy.android, autoGrantPermissions: true, chromedriverExecutable: C:\Users\mabhishek\Download..., databaseEnabled: false, desired: {appActivity: com.bestbuy.android.activit..., appPackage: com.bestbuy.android, autoGrantPermissions: true, chromedriverExecutable: C:\Users\mabhishek\Download..., deviceName: Abhishek, noReset: true, platformName: android, platformVersion: 9, skipDeviceInitialization: true, skipServerInitialization: true, udid: 23aaa9a4}, deviceApiLevel: 28, deviceManufacturer: Xiaomi, deviceModel: POCO F1, deviceName: 23aaa9a4, deviceScreenDensity: 440, deviceScreenSize: 1080x2246, deviceUDID: 23aaa9a4, javascriptEnabled: true, locationContextEnabled: false, networkConnectionEnabled: true, noReset: true, pixelRatio: 2.75, platform: LINUX, platformName: LINUX, platformVersion: 9, skipDeviceInitialization: true, skipServerInitialization: true, statBarHeight: 89, takesScreenshot: true, udid: 23aaa9a4, viewportRect: {height: 1938, left: 0, top: 89, width: 1080}, warnings: {}, webStorageEnabled: false}
Session ID: 07744fa2-1167-44d9-a63c-c99562f954f4
*** Element info: {Using=id, value=com.bestbuy.android:id/Products}">
      <![CDATA[org.openqa.selenium.NoSuchElementException: An element could not be located on the page using the given search parameters.
For documentation on this error, please visit: http://seleniumhq.org/exceptions/no_such_element.html
Build info: version: '3.12.0', revision: '7c6e0b3', time: '2018-05-08T14:04:26.12Z'
System info: host: 'DSK278-P1', ip: '10.0.75.1', os.name: 'Windows 10', os.arch: 'amd64', os.version: '10.0', java.version: '1.8.0_121'
Driver info: io.appium.java_client.AppiumDriver
Capabilities {appActivity: com.bestbuy.android.activit..., appPackage: com.bestbuy.android, autoGrantPermissions: true, chromedriverExecutable: C:\Users\mabhishek\Download..., databaseEnabled: false, desired: {appActivity: com.bestbuy.android.activit..., appPackage: com.bestbuy.android, autoGrantPermissions: true, chromedriverExecutable: C:\Users\mabhishek\Download..., deviceName: Abhishek, noReset: true, platformName: android, platformVersion: 9, skipDeviceInitialization: true, skipServerInitialization: true, udid: 23aaa9a4}, deviceApiLevel: 28, deviceManufacturer: Xiaomi, deviceModel: POCO F1, deviceName: 23aaa9a4, deviceScreenDensity: 440, deviceScreenSize: 1080x2246, deviceUDID: 23aaa9a4, javascriptEnabled: true, locationContextEnabled: false, networkConnectionEnabled: true, noReset: true, pixelRatio: 2.75, platform: LINUX, platformName: LINUX, platformVersion: 9, skipDeviceInitialization: true, skipServerInitialization: true, statBarHeight: 89, takesScreenshot: true, udid: 23aaa9a4, viewportRect: {height: 1938, left: 0, top: 89, width: 1080}, warnings: {}, webStorageEnabled: false}
Session ID: 07744fa2-1167-44d9-a63c-c99562f954f4
*** Element info: {Using=id, value=com.bestbuy.android:id/Products}
at sun.reflect.NativeConstructorAccessorImpl.newInstance0(Native Method)
at sun.reflect.NativeConstructorAccessorImpl.newInstance(Unknown Source)
at sun.reflect.DelegatingConstructorAccessorImpl.newInstance(Unknown Source)
at java.lang.reflect.Constructor.newInstance(Unknown Source)
at org.openqa.selenium.remote.http.W3CHttpResponseCodec.createException(W3CHttpResponseCodec.java:187)
at org.openqa.selenium.remote.http.W3CHttpResponseCodec.decode(W3CHttpResponseCodec.java:122)
at org.openqa.selenium.remote.http.W3CHttpResponseCodec.decode(W3CHttpResponseCodec.java:49)
at org.openqa.selenium.remote.HttpCommandExecutor.execute(HttpCommandExecutor.java:158)
at io.appium.java_client.remote.AppiumCommandExecutor.execute(AppiumCommandExecutor.java:231)
at org.openqa.selenium.remote.RemoteWebDriver.execute(RemoteWebDriver.java:543)
at io.appium.java_client.DefaultGenericMobileDriver.execute(DefaultGenericMobileDriver.java:42)
at io.appium.java_client.AppiumDriver.execute(AppiumDriver.java:1)
at org.openqa.selenium.remote.RemoteWebDriver.findElement(RemoteWebDriver.java:317)
at io.appium.java_client.DefaultGenericMobileDriver.findElement(DefaultGenericMobileDriver.java:62)
at io.appium.java_client.AppiumDriver.findElement(AppiumDriver.java:1)
at org.openqa.selenium.remote.RemoteWebDriver.findElementById(RemoteWebDriver.java:363)
at io.appium.java_client.DefaultGenericMobileDriver.findElementById(DefaultGenericMobileDriver.java:70)
at io.appium.java_client.AppiumDriver.findElementById(AppiumDriver.java:1)
at tests.BestBuyTest.tapProduct(BestBuyTest.java:73)
at sun.reflect.NativeMethodAccessorImpl.invoke0(Native Method)
at sun.reflect.NativeMethodAccessorImpl.invoke(Unknown Source)
at sun.reflect.DelegatingMethodAccessorImpl.invoke(Unknown Source)
at java.lang.reflect.Method.invoke(Unknown Source)
at org.testng.internal.MethodInvocationHelper.invokeMethod(MethodInvocationHelper.java:124)
at org.testng.internal.Invoker.invokeMethod(Invoker.java:583)
at org.testng.internal.Invoker.invokeTestMethod(Invoker.java:719)
at org.testng.internal.Invoker.invokeTestMethods(Invoker.java:989)
at org.testng.internal.TestMethodWorker.invokeTestMethods(TestMethodWorker.java:125)
at org.testng.internal.TestMethodWorker.run(TestMethodWorker.java:109)
at org.testng.TestRunner.privateRun(TestRunner.java:648)
at org.testng.TestRunner.run(TestRunner.java:505)
at org.testng.SuiteRunner.runTest(SuiteRunner.java:455)
at org.testng.SuiteRunner.runSequentially(SuiteRunner.java:450)
at org.testng.SuiteRunner.privateRun(SuiteRunner.java:415)
at org.testng.SuiteRunner.run(SuiteRunner.java:364)
at org.testng.SuiteRunnerWorker.runSuite(SuiteRunnerWorker.java:52)
at org.testng.SuiteRunnerWorker.run(SuiteRunnerWorker.java:84)
at org.testng.TestNG.runSuitesSequentially(TestNG.java:1208)
at org.testng.TestNG.runSuitesLocally(TestNG.java:1137)
at org.testng.TestNG.runSuites(TestNG.java:1049)
at org.testng.TestNG.run(TestNG.java:1017)
at org.testng.remote.AbstractRemoteTestNG.run(AbstractRemoteTestNG.java:115)
at org.testng.remote.RemoteTestNG.initAndRun(RemoteTestNG.java:251)
at org.testng.remote.RemoteTestNG.main(RemoteTestNG.java:77)
]]>
    </error>
  </testcase> <!-- tapProduct -->
  <testcase name="tapAccount" time="89.374" classname="tests.BestBuyTest">
    <error type="io.appium.java_client.NoSuchContextException" message="An unknown server-side error occurred while processing the command. Original error: Trying to use a chromedriver binary at the path C:\Users\mabhishek\Downloads\chromedriver, but it doesn&#039;t exist!
Build info: version: &#039;3.12.0&#039;, revision: &#039;7c6e0b3&#039;, time: &#039;2018-05-08T14:04:26.12Z&#039;
System info: host: &#039;DSK278-P1&#039;, ip: &#039;10.0.75.1&#039;, os.name: &#039;Windows 10&#039;, os.arch: &#039;amd64&#039;, os.version: &#039;10.0&#039;, java.version: &#039;1.8.0_121&#039;
Driver info: io.appium.java_client.AppiumDriver
Capabilities {appActivity: com.bestbuy.android.activit..., appPackage: com.bestbuy.android, autoGrantPermissions: true, chromedriverExecutable: C:\Users\mabhishek\Download..., databaseEnabled: false, desired: {appActivity: com.bestbuy.android.activit..., appPackage: com.bestbuy.android, autoGrantPermissions: true, chromedriverExecutable: C:\Users\mabhishek\Download..., deviceName: Abhishek, noReset: true, platformName: android, platformVersion: 9, skipDeviceInitialization: true, skipServerInitialization: true, udid: 23aaa9a4}, deviceApiLevel: 28, deviceManufacturer: Xiaomi, deviceModel: POCO F1, deviceName: 23aaa9a4, deviceScreenDensity: 440, deviceScreenSize: 1080x2246, deviceUDID: 23aaa9a4, javascriptEnabled: true, locationContextEnabled: false, networkConnectionEnabled: true, noReset: true, pixelRatio: 2.75, platform: LINUX, platformName: LINUX, platformVersion: 9, skipDeviceInitialization: true, skipServerInitialization: true, statBarHeight: 89, takesScreenshot: true, udid: 23aaa9a4, viewportRect: {height: 1938, left: 0, top: 89, width: 1080}, warnings: {}, webStorageEnabled: false}
Session ID: 07744fa2-1167-44d9-a63c-c99562f954f4">
      <![CDATA[io.appium.java_client.NoSuchContextException: An unknown server-side error occurred while processing the command. Original error: Trying to use a chromedriver binary at the path C:\Users\mabhishek\Downloads\chromedriver, but it doesn't exist!
Build info: version: '3.12.0', revision: '7c6e0b3', time: '2018-05-08T14:04:26.12Z'
System info: host: 'DSK278-P1', ip: '10.0.75.1', os.name: 'Windows 10', os.arch: 'amd64', os.version: '10.0', java.version: '1.8.0_121'
Driver info: io.appium.java_client.AppiumDriver
Capabilities {appActivity: com.bestbuy.android.activit..., appPackage: com.bestbuy.android, autoGrantPermissions: true, chromedriverExecutable: C:\Users\mabhishek\Download..., databaseEnabled: false, desired: {appActivity: com.bestbuy.android.activit..., appPackage: com.bestbuy.android, autoGrantPermissions: true, chromedriverExecutable: C:\Users\mabhishek\Download..., deviceName: Abhishek, noReset: true, platformName: android, platformVersion: 9, skipDeviceInitialization: true, skipServerInitialization: true, udid: 23aaa9a4}, deviceApiLevel: 28, deviceManufacturer: Xiaomi, deviceModel: POCO F1, deviceName: 23aaa9a4, deviceScreenDensity: 440, deviceScreenSize: 1080x2246, deviceUDID: 23aaa9a4, javascriptEnabled: true, locationContextEnabled: false, networkConnectionEnabled: true, noReset: true, pixelRatio: 2.75, platform: LINUX, platformName: LINUX, platformVersion: 9, skipDeviceInitialization: true, skipServerInitialization: true, statBarHeight: 89, takesScreenshot: true, udid: 23aaa9a4, viewportRect: {height: 1938, left: 0, top: 89, width: 1080}, warnings: {}, webStorageEnabled: false}
Session ID: 07744fa2-1167-44d9-a63c-c99562f954f4
at io.appium.java_client.AppiumDriver.context(AppiumDriver.java:201)
at tests.BestBuyTest.switchContext(BestBuyTest.java:136)
at tests.BestBuyTest.getWebViewText(BestBuyTest.java:118)
at tests.BestBuyTest.tapAccount(BestBuyTest.java:94)
at sun.reflect.NativeMethodAccessorImpl.invoke0(Native Method)
at sun.reflect.NativeMethodAccessorImpl.invoke(Unknown Source)
at sun.reflect.DelegatingMethodAccessorImpl.invoke(Unknown Source)
at java.lang.reflect.Method.invoke(Unknown Source)
at org.testng.internal.MethodInvocationHelper.invokeMethod(MethodInvocationHelper.java:124)
at org.testng.internal.Invoker.invokeMethod(Invoker.java:583)
at org.testng.internal.Invoker.invokeTestMethod(Invoker.java:719)
at org.testng.internal.Invoker.invokeTestMethods(Invoker.java:989)
at org.testng.internal.TestMethodWorker.invokeTestMethods(TestMethodWorker.java:125)
at org.testng.internal.TestMethodWorker.run(TestMethodWorker.java:109)
at org.testng.TestRunner.privateRun(TestRunner.java:648)
at org.testng.TestRunner.run(TestRunner.java:505)
at org.testng.SuiteRunner.runTest(SuiteRunner.java:455)
at org.testng.SuiteRunner.runSequentially(SuiteRunner.java:450)
at org.testng.SuiteRunner.privateRun(SuiteRunner.java:415)
at org.testng.SuiteRunner.run(SuiteRunner.java:364)
at org.testng.SuiteRunnerWorker.runSuite(SuiteRunnerWorker.java:52)
at org.testng.SuiteRunnerWorker.run(SuiteRunnerWorker.java:84)
at org.testng.TestNG.runSuitesSequentially(TestNG.java:1208)
at org.testng.TestNG.runSuitesLocally(TestNG.java:1137)
at org.testng.TestNG.runSuites(TestNG.java:1049)
at org.testng.TestNG.run(TestNG.java:1017)
at org.testng.remote.AbstractRemoteTestNG.run(AbstractRemoteTestNG.java:115)
at org.testng.remote.RemoteTestNG.initAndRun(RemoteTestNG.java:251)
at org.testng.remote.RemoteTestNG.main(RemoteTestNG.java:77)
Caused by: org.openqa.selenium.WebDriverException: An unknown server-side error occurred while processing the command. Original error: Trying to use a chromedriver binary at the path C:\Users\mabhishek\Downloads\chromedriver, but it doesn't exist!
Build info: version: '3.12.0', revision: '7c6e0b3', time: '2018-05-08T14:04:26.12Z'
System info: host: 'DSK278-P1', ip: '10.0.75.1', os.name: 'Windows 10', os.arch: 'amd64', os.version: '10.0', java.version: '1.8.0_121'
Driver info: io.appium.java_client.AppiumDriver
Capabilities {appActivity: com.bestbuy.android.activit..., appPackage: com.bestbuy.android, autoGrantPermissions: true, chromedriverExecutable: C:\Users\mabhishek\Download..., databaseEnabled: false, desired: {appActivity: com.bestbuy.android.activit..., appPackage: com.bestbuy.android, autoGrantPermissions: true, chromedriverExecutable: C:\Users\mabhishek\Download..., deviceName: Abhishek, noReset: true, platformName: android, platformVersion: 9, skipDeviceInitialization: true, skipServerInitialization: true, udid: 23aaa9a4}, deviceApiLevel: 28, deviceManufacturer: Xiaomi, deviceModel: POCO F1, deviceName: 23aaa9a4, deviceScreenDensity: 440, deviceScreenSize: 1080x2246, deviceUDID: 23aaa9a4, javascriptEnabled: true, locationContextEnabled: false, networkConnectionEnabled: true, noReset: true, pixelRatio: 2.75, platform: LINUX, platformName: LINUX, platformVersion: 9, skipDeviceInitialization: true, skipServerInitialization: true, statBarHeight: 89, takesScreenshot: true, udid: 23aaa9a4, viewportRect: {height: 1938, left: 0, top: 89, width: 1080}, warnings: {}, webStorageEnabled: false}
Session ID: 07744fa2-1167-44d9-a63c-c99562f954f4
at sun.reflect.NativeConstructorAccessorImpl.newInstance0(Native Method)
at sun.reflect.NativeConstructorAccessorImpl.newInstance(Unknown Source)
at sun.reflect.DelegatingConstructorAccessorImpl.newInstance(Unknown Source)
at java.lang.reflect.Constructor.newInstance(Unknown Source)
at org.openqa.selenium.remote.http.W3CHttpResponseCodec.createException(W3CHttpResponseCodec.java:187)
at org.openqa.selenium.remote.http.W3CHttpResponseCodec.decode(W3CHttpResponseCodec.java:122)
at org.openqa.selenium.remote.http.W3CHttpResponseCodec.decode(W3CHttpResponseCodec.java:49)
at org.openqa.selenium.remote.HttpCommandExecutor.execute(HttpCommandExecutor.java:158)
at io.appium.java_client.remote.AppiumCommandExecutor.execute(AppiumCommandExecutor.java:231)
at org.openqa.selenium.remote.RemoteWebDriver.execute(RemoteWebDriver.java:543)
at io.appium.java_client.DefaultGenericMobileDriver.execute(DefaultGenericMobileDriver.java:42)
at io.appium.java_client.AppiumDriver.execute(AppiumDriver.java:1)
at io.appium.java_client.AppiumDriver.context(AppiumDriver.java:198)
... 28 more
]]>
    </error>
  </testcase> <!-- tapAccount -->
</testsuite> <!-- tests.BestBuyTest -->
